Using pre-set license

 COMMAND LINE ARGUMENTS:
/Applications/Unity/Hub/Editor/2021.1.0b12/Unity.app/Contents/MacOS/Unity
-adb2
-batchMode
-noUpm
-name
AssetImportWorker0
-projectPath
/Users/ottomattas/UnityPlayground/protostein
-logFile
Logs/AssetImportWorker0.log
-srvPort
57057
Successfully changed project path to: /Users/ottomattas/UnityPlayground/protostein
/Users/ottomattas/UnityPlayground/protostein
Using Asset Import Pipeline V2.
Refreshing native plugins compatible for Editor in 133.16 ms, found 1 plugins.
Preloading 0 native plugins for Editor in 0.00 ms.
Initialize engine version: 2021.1.0b12 (5f97ac28ace0)
[Subsystems] Discovering subsystems at path /Applications/Unity/Hub/Editor/2021.1.0b12/Unity.app/Contents/Resources/UnitySubsystems
[Subsystems] Discovering subsystems at path /Users/ottomattas/UnityPlayground/protostein/Assets
GfxDevice: creating device client; threaded=0; jobified=0
2021-03-23 10:12:57.298 Unity[23164:1103694] Color LCD preferred device: Intel(R) UHD Graphics 617 (low power)
2021-03-23 10:12:57.298 Unity[23164:1103694] Metal devices available: 1
2021-03-23 10:12:57.298 Unity[23164:1103694] 0: Intel(R) UHD Graphics 617 (low power)
2021-03-23 10:12:57.299 Unity[23164:1103694] Using device Intel(R) UHD Graphics 617 (low power)
Initializing Metal device caps: Intel(R) UHD Graphics 617
Initialize mono
Mono path[0] = '/Applications/Unity/Hub/Editor/2021.1.0b12/Unity.app/Contents/Managed'
Mono path[1] = '/Applications/Unity/Hub/Editor/2021.1.0b12/Unity.app/Contents/MonoBleedingEdge/lib/mono/unityjit'
Mono config path = '/Applications/Unity/Hub/Editor/2021.1.0b12/Unity.app/Contents/MonoBleedingEdge/etc'
Using monoOptions --debugger-agent=transport=dt_socket,embedding=1,server=y,suspend=n,address=127.0.0.1:56164
Begin MonoManager ReloadAssembly
Registering precompiled unity dll's ...
Register platform support module: /Applications/Unity/Hub/Editor/2021.1.0b12/Unity.app/Contents/PlaybackEngines/MacStandaloneSupport/UnityEditor.OSXStandalone.Extensions.dll
Registered in 0.004858 seconds.
Native extension for OSXStandalone target not found
Refreshing native plugins compatible for Editor in 113.31 ms, found 1 plugins.
Preloading 0 native plugins for Editor in 0.00 ms.
Mono: successfully reloaded assembly
- Completed reload, in  6.568 seconds
Platform modules already initialized, skipping
Registering precompiled user dll's ...
Registered in 0.010745 seconds.
Begin MonoManager ReloadAssembly
Native extension for OSXStandalone target not found
Refreshing native plugins compatible for Editor in 0.63 ms, found 1 plugins.
Preloading 0 native plugins for Editor in 0.00 ms.
Mono: successfully reloaded assembly
- Completed reload, in  1.825 seconds
Platform modules already initialized, skipping
========================================================================
Worker process is ready to serve import requests
Launching external process: /Applications/Unity/Hub/Editor/2021.1.0b12/Unity.app/Contents/Tools/UnityShaderCompiler
Launched and connected shader compiler UnityShaderCompiler after 0.08 seconds
Refreshing native plugins compatible for Editor in 1.00 ms, found 1 plugins.
Preloading 0 native plugins for Editor in 0.00 ms.
Unloading 2676 Unused Serialized files (Serialized files now loaded: 0)
System memory in use before: 166.9 MB.
System memory in use after: 167.1 MB.

Unloading 15 unused Assets to reduce memory usage. Loaded Objects now: 3127.
Total: 3.393340 ms (FindLiveObjects: 0.342858 ms CreateObjectMapping: 0.234453 ms MarkObjects: 2.710617 ms  DeleteObjects: 0.102696 ms)

========================================================================
Received Import Request.
  path: Assets/Scenes/SampleScene.unity
  artifactKey: Guid(9fc0d4010bbf28b4594072e72b8655ab) Importer(815301076,1909f56bfc062723c751e8b465ee728b)
Start importing Assets/Scenes/SampleScene.unity using Guid(9fc0d4010bbf28b4594072e72b8655ab) Importer(815301076,1909f56bfc062723c751e8b465ee728b)  -> (artifact id: '4e84dec442b504737a8677aa1076902e') in 0.026572 seconds 
========================================================================
Received Import Request.
  Time since last request: 1.476762 seconds.
  path: Assets/Low Poly FPS Pack - Free (Sample)/Demo_Scenes/Weapon_Demo_Scenes/Handgun_01_Demo/Handgun_01_Demo.unity
  artifactKey: Guid(d786ed15d0e419f43b4218a11d3cb272) Importer(815301076,1909f56bfc062723c751e8b465ee728b)
Start importing Assets/Low Poly FPS Pack - Free (Sample)/Demo_Scenes/Weapon_Demo_Scenes/Handgun_01_Demo/Handgun_01_Demo.unity using Guid(d786ed15d0e419f43b4218a11d3cb272) Importer(815301076,1909f56bfc062723c751e8b465ee728b)  -> (artifact id: '83ce6514af5ff94547d3b52b4840ba9d') in 0.004402 seconds 
========================================================================
Received Prepare
Registering precompiled user dll's ...
Registered in 0.002241 seconds.
Begin MonoManager ReloadAssembly
Native extension for OSXStandalone target not found
Refreshing native plugins compatible for Editor in 0.70 ms, found 1 plugins.
Preloading 0 native plugins for Editor in 0.00 ms.
Mono: successfully reloaded assembly
- Completed reload, in  1.607 seconds
Platform modules already initialized, skipping
Refreshing native plugins compatible for Editor in 0.72 ms, found 1 plugins.
Preloading 0 native plugins for Editor in 0.00 ms.
Unloading 2671 Unused Serialized files (Serialized files now loaded: 0)
System memory in use before: 167.3 MB.
System memory in use after: 167.5 MB.

Unloading 10 unused Assets to reduce memory usage. Loaded Objects now: 3130.
Total: 4.513920 ms (FindLiveObjects: 0.599708 ms CreateObjectMapping: 0.302430 ms MarkObjects: 3.530539 ms  DeleteObjects: 0.078501 ms)

